<<<<<<< HEAD
2017-11-13 13:18:33,627 - INFO: Logging configuration performed.
2017-11-13 13:18:33,630 - INFO: Bet_Bot started.
2017-11-13 13:19:13,956 - INFO: Logging configuration performed.
2017-11-13 13:19:13,958 - INFO: Bet_Bot started.
2017-11-13 13:20:15,720 - INFO: Logging configuration performed.
2017-11-13 13:20:15,721 - INFO: Bet_Bot started.
2017-11-13 13:23:06,885 - INFO: Logging configuration performed.
2017-11-13 13:23:06,889 - INFO: Bet_Bot started.
2017-11-13 13:24:36,152 - INFO: Logging configuration performed.
2017-11-13 13:24:36,156 - INFO: Bet_Bot started.
2017-11-13 13:26:08,083 - INFO: Logging configuration performed.
2017-11-13 13:26:08,084 - INFO: Bet_Bot started.
2017-11-13 17:21:56,634 - INFO: Logging configuration performed.
2017-11-13 17:21:56,636 - INFO: Bet_Bot started.
=======
2017-11-11 11:57:11,573 - INFO: Logging configuration performed.
2017-11-11 11:57:11,608 - INFO: Bet_Bot started.
2017-11-11 11:58:12,103 - INFO: Logging configuration performed.
2017-11-11 11:58:12,107 - INFO: Bet_Bot started.
>>>>>>> master
